{"/Users/Donny/Desktop/weekday-calculator/src/calculator.js": {"path":"/Users/Donny/Desktop/weekday-calculator/src/calculator.js","statementMap":{"0":{"start":{"line":3,"column":4},"end":{"line":3,"column":21}},"1":{"start":{"line":4,"column":4},"end":{"line":4,"column":23}},"2":{"start":{"line":5,"column":4},"end":{"line":5,"column":19}},"3":{"start":{"line":8,"column":0},"end":{"line":20,"column":4}},"4":{"start":{"line":9,"column":13},"end":{"line":9,"column":54}},"5":{"start":{"line":10,"column":16},"end":{"line":10,"column":28}},"6":{"start":{"line":11,"column":2},"end":{"line":11,"column":24}},"7":{"start":{"line":12,"column":2},"end":{"line":12,"column":24}},"8":{"start":{"line":13,"column":2},"end":{"line":13,"column":25}},"9":{"start":{"line":14,"column":2},"end":{"line":14,"column":27}},"10":{"start":{"line":15,"column":2},"end":{"line":15,"column":26}},"11":{"start":{"line":16,"column":2},"end":{"line":16,"column":24}},"12":{"start":{"line":17,"column":2},"end":{"line":17,"column":26}},"13":{"start":{"line":18,"column":15},"end":{"line":18,"column":37}},"14":{"start":{"line":19,"column":2},"end":{"line":19,"column":15}}},"fnMap":{"0":{"name":"DateCalculator","decl":{"start":{"line":2,"column":24},"end":{"line":2,"column":38}},"loc":{"start":{"line":2,"column":57},"end":{"line":6,"column":3}},"line":2},"1":{"name":"(anonymous_1)","decl":{"start":{"line":8,"column":37},"end":{"line":8,"column":38}},"loc":{"start":{"line":8,"column":48},"end":{"line":20,"column":3}},"line":8}},"branchMap":{},"s":{"0":3,"1":3,"2":3,"3":1,"4":2,"5":2,"6":2,"7":2,"8":2,"9":2,"10":2,"11":2,"12":2,"13":2,"14":2},"f":{"0":3,"1":2},"b":{},"_coverageSchema":"43e27e138ebf9cfc5966b082cf9a028302ed4184","hash":"ff6ff8dfd3ede0341fda6dff6e8bfe6e96047478"}
}
